<?xml version="1.0" encoding="UTF-8"?>
<!-- Generated by org.testng.reporters.JUnitXMLReporter -->
<testsuite ignored="0" hostname="PRASHANT" failures="1" tests="14" name="Test" time="297.29" errors="0" timestamp="2022-12-30T10:31:59 IST">
  <testcase classname="POMFramework.AdminTC" name="AdminTabOpen" time="6.367"/>
  <testcase classname="POMFramework.AdminTC" name="AdminEnterUserManagement" time="8.824"/>
  <testcase classname="POMFramework.AdminTC" name="JobTitleOpen" time="7.684"/>
  <testcase classname="POMFramework.AdminTC" name="JobTitleADD" time="18.503"/>
  <testcase classname="POMFramework.AdminTC" name="PayGradesOpen" time="7.409"/>
  <testcase classname="POMFramework.AdminTC" name="PayGradesAddGrade" time="16.231"/>
  <testcase classname="POMFramework.AdminTC" name="EmploymentStatusOpen" time="8.126"/>
  <testcase classname="POMFramework.AdminTC" name="EmploymentStatusADD" time="14.822"/>
  <testcase classname="POMFramework.AdminTC" name="JobCategoriesOpen" time="6.3">
    <failure type="org.openqa.selenium.TimeoutException" message="Expected condition failed: waiting for element to be clickable: By.xpath: //span[text()=&amp;apos;Admin&amp;apos;] (tried for 5 second(s) with 300 milliseconds interval)
Build info: version: &amp;apos;4.3.0&amp;apos;, revision: &amp;apos;a4995e2c09*&amp;apos;
System info: host: &amp;apos;PRASHANT&amp;apos;, ip: &amp;apos;192.168.31.50&amp;apos;, os.name: &amp;apos;Windows 11&amp;apos;, os.arch: &amp;apos;amd64&amp;apos;, os.version: &amp;apos;10.0&amp;apos;, java.version: &amp;apos;17.0.4.1&amp;apos;
Driver info: driver.version: unknown">
      <![CDATA[org.openqa.selenium.TimeoutException: Expected condition failed: waiting for element to be clickable: By.xpath: //span[text()='Admin'] (tried for 5 second(s) with 300 milliseconds interval)
Build info: version: '4.3.0', revision: 'a4995e2c09*'
System info: host: 'PRASHANT', ip: '192.168.31.50', os.name: 'Windows 11', os.arch: 'amd64', os.version: '10.0', java.version: '17.0.4.1'
Driver info: driver.version: unknown
at org.openqa.selenium.support.ui.FluentWait.timeoutException(FluentWait.java:263)
at org.openqa.selenium.support.ui.FluentWait.until(FluentWait.java:231)
at KeyWords_BrowserOpen_Logout.UIKeyWords.ExplicitlyWait(UIKeyWords.java:98)
at POMPages.AdminPage.AdminTabOpen(AdminPage.java:21)
at POMFramework.AdminTC.JobCategoriesOpen(AdminTC.java:113)
at java.base/java.util.ArrayList.forEach(ArrayList.java:1511)
... Removed 27 stack frames]]>
    </failure>
  </testcase> <!-- JobCategoriesOpen -->
  <testcase classname="POMFramework.AdminTC" name="JobCategoriesADD" time="14.172"/>
  <testcase classname="POMFramework.AdminTC" name="WorkShiftsOpen" time="7.489"/>
  <testcase classname="POMFramework.AdminTC" name="WorkShiftsADD" time="15.069"/>
  <testcase classname="POMFramework.LoginPageTC" name="LoginWithValidCred" time="11.241"/>
  <testcase classname="POMFramework.LoginPageTC" name="LoginWithINValidCred" time="11.965"/>
</testsuite> <!-- Test -->
